{
  "RSpec": {
    "coverage": {
      "/Users/grandnumber/Google Drive/SaaS1/hw-bdd-tdd-cycle/rottenpotatoes/app/controllers/movies_controller.rb": [
        1,
        null,
        1,
        3,
        null,
        null,
        1,
        1,
        1,
        null,
        null,
        null,
        null,
        1,
        4,
        4,
        4,
        1,
        1,
        null,
        3,
        null,
        null,
        null,
        null,
        1,
        4,
        4,
        null,
        1,
        null,
        1,
        null,
        4,
        4,
        null,
        4,
        15,
        null,
        null,
        4,
        3,
        3,
        3,
        null,
        1,
        null,
        null,
        1,
        null,
        null,
        null,
        1,
        1,
        1,
        1,
        null,
        null,
        1,
        1,
        null,
        null,
        1,
        2,
        2,
        2,
        2,
        null,
        null,
        1,
        2,
        2,
        2,
        2,
        null,
        null,
        null
      ],
      "/Users/grandnumber/Google Drive/SaaS1/hw-bdd-tdd-cycle/rottenpotatoes/app/controllers/application_controller.rb": [
        1,
        1,
        null
      ]
    },
    "timestamp": 1448604017
  }
}
